<?xml version="1.0" encoding="UTF-8"?>
 <beans xmlns="http://www.springframework.org/schema/beans"
 xmlns:xsi="http://www.w3.org/2001/XMLSchema-instance"
 xmlns:aop="http://www.springframework.org/schema/aop"
     xmlns:tx="http://www.springframework.org/schema/tx"
     xmlns:jdbc="http://www.springframework.org/schema/jdbc"
 xmlns:context="http://www.springframework.org/schema/context"
 xsi:schemaLocation="http://www.springframework.org/schema/beans http://www.springframework.org/schema/beans/spring-beans-3.1.xsd
  http://www.springframework.org/schema/context http://www.springframework.org/schema/context/spring-context-3.1.xsd
  http://www.springframework.org/schema/jdbc http://www.springframework.org/schema/jdbc/spring-jdbc-3.1.xsd
       http://www.springframework.org/schema/tx http://www.springframework.org/schema/tx/spring-tx-3.1.xsd
       http://www.springframework.org/schema/aop http://www.springframework.org/schema/aop/spring-aop-3.1.xsd">

	<context:component-scan base-package="com.nhnent.board.dao">
</context:component-scan>

 <bean id="dataSource" class="org.apache.commons.dbcp.BasicDataSource">
		<property name="driverClassName" value="cubrid.jdbc.driver.CUBRIDDriver"/>
		<property name="url" value="jdbc:cubrid:localhost:33000:studyDB:public::"/>
		<property name="username" value="dba"/>
		<property name="password" value="1234"/>
		<property name="maxActive" value="20"/>
		<property name="maxWait" value="6000"/>
		<property name="poolPreparedStatements" value="true"/>
		<property name="defaultAutoCommit" value="true"/>
		<property name="maxIdle" value="20"/>
		<property name="validationQuery" value="select 1"/>
		<property name="testWhileIdle" value="true"/>
		<property name="timeBetweenEvictionRunsMillis" value="7200000"/>
	</bean>
 
 <bean id="transactionManager" class="org.springframework.jdbc.datasource.DataSourceTransactionManager">
  <property name="dataSource" ref="dataSource" />
 </bean>

 <!-- enable autowire -->
     <context:annotation-config />

     <!-- enable transaction demarcation with annotations -->
     <tx:annotation-driven />
   
 <bean id="sqlSessionFactory" class="org.mybatis.spring.SqlSessionFactoryBean">
  <property name="dataSource" ref="dataSource" />
  <property name="typeAliasesPackage" value="com.nhnent.board.vo"/>
  <property name="mapperLocations" value="classpath*:com/nhnent/board/dao/*Impl.xml"/>
 </bean>
 
 </beans>